<?xml version="1.0" encoding="UTF-8"?>
<!-- Generated by org.testng.reporters.JUnitXMLReporter -->
<testsuite hostname="Swathi-PC" ignored="0" name="Surefire test" tests="3" failures="0" timestamp="13 Jun 2018 12:00:54 GMT" time="0.078" errors="0">
  <testcase name="firstMethod" time="0.015" classname="com.appliances.SeleniumTest"/>
  <testcase name="secondMethod" time="0.0" classname="com.appliances.SeleniumTest"/>
  <testcase name="thirdMethod" time="0.0" classname="com.appliances.SeleniumTest"/>
</testsuite> <!-- Surefire test -->
