<?xml version="1.0" encoding="UTF-8"?>
<!-- Generated by org.testng.reporters.JUnitXMLReporter -->
<testsuite hostname="Swathi-PC" ignored="0" name="Test" tests="6" failures="0" timestamp="13 Jun 2018 11:55:42 GMT" time="0.063" errors="0">
  <testcase name="firstMethod" time="0.016" classname="com.appliances.SeleniumTest"/>
  <testcase name="secondMethod" time="0.0" classname="com.appliances.SeleniumTest"/>
  <testcase name="thirdMethod" time="0.0" classname="com.appliances.SeleniumTest"/>
  <testcase name="firstMethod" time="0.0" classname="com.appliances.AppiumTest"/>
  <testcase name="secondMethod" time="0.0" classname="com.appliances.AppiumTest"/>
  <testcase name="thirdMethod" time="0.0" classname="com.appliances.AppiumTest"/>
</testsuite> <!-- Test -->
